This is pdfTeX, Version 3.14159265-2.6-1.40.21 (MiKTeX 20.7) (preloaded format=pdflatex 2020.9.21)  30 SEP 2020 20:51
entering extended mode
**./refman.tex
(refman.tex
LaTeX2e <2020-02-02> patch level 5
L3 programming layer <2020-09-03>
("C:\Program Files\MiKTeX 2.9\tex/latex/base\book.cls"
Document Class: book 2019/12/20 v1.4l Standard LaTeX document class
("C:\Program Files\MiKTeX 2.9\tex/latex/base\bk10.clo"
File: bk10.clo 2019/12/20 v1.4l Standard LaTeX file (size option)
)
\c@part=\count168
\c@chapter=\count169
\c@section=\count170
\c@subsection=\count171
\c@subsubsection=\count172
\c@paragraph=\count173
\c@subparagraph=\count174
\c@figure=\count175
\c@table=\count176
\abovecaptionskip=\skip47
\belowcaptionskip=\skip48
\bibindent=\dimen134
)
("C:\Program Files\MiKTeX 2.9\tex/latex/base\ifthen.sty"
Package: ifthen 2014/09/29 v1.1c Standard LaTeX ifthen package (DPC)
)
("C:\Program Files\MiKTeX 2.9\tex/latex/tools\array.sty"
Rollback for package 'array' requested -> date 2016-10-06.
         Best approximation is the release introduced on 2016-10-06.

("C:\Program Files\MiKTeX 2.9\tex/latex/tools\array-2016-10-06.sty"
Package: array 2016/10/06 v2.4d Tabular extension package (FMi)
\col@sep=\dimen135
\extrarowheight=\dimen136
\NC@list=\toks15
\extratabsurround=\skip49
\backup@length=\skip50
))
("C:\Program Files\MiKTeX 2.9\tex/latex/base\fixltx2e.sty"
Package: fixltx2e 2016/12/29 v2.1a fixes to LaTeX (obsolete)
Applying: [2015/01/01] Old fixltx2e package on input line 46.


Package fixltx2e Warning: fixltx2e is not required with releases after 2015
(fixltx2e)                All fixes are now in the LaTeX kernel.
(fixltx2e)                See the latexrelease package for details.

Already applied: [0000/00/00] Old fixltx2e package on input line 53.
) ("C:\Program Files\MiKTeX 2.9\tex/latex/tools\calc.sty"
Package: calc 2017/05/25 v4.3 Infix arithmetic (KKT,FJ)
\calc@Acount=\count177
\calc@Bcount=\count178
\calc@Adimen=\dimen137
\calc@Bdimen=\dimen138
\calc@Askip=\skip51
\calc@Bskip=\skip52
LaTeX Info: Redefining \setlength on input line 80.
LaTeX Info: Redefining \addtolength on input line 81.
\calc@Ccount=\count179
\calc@Cskip=\skip53
) (doxygen.sty
Package: doxygen 

("C:\Program Files\MiKTeX 2.9\tex/latex/base\alltt.sty"
Package: alltt 1997/06/16 v2.0g defines alltt environment
)
("C:\Program Files\MiKTeX 2.9\tex/latex/float\float.sty"
Package: float 2001/11/08 v1.3d Float enhancements (AL)
\c@float@type=\count180
\float@exts=\toks16
\float@box=\box45
\@float@everytoks=\toks17
\@floatcapt=\box46
)
("C:\Program Files\MiKTeX 2.9\tex/latex/tools\verbatim.sty"
Package: verbatim 2019/11/10 v1.5r LaTeX2e package for verbatim enhancements
\every@verbatim=\toks18
\verbatim@line=\toks19
\verbatim@in@stream=\read2
)
("C:\Program Files\MiKTeX 2.9\tex/latex/xcolor\xcolor.sty"
Package: xcolor 2016/05/11 v2.12 LaTeX color extensions (UK)

("C:\Program Files\MiKTeX 2.9\tex/latex/graphics-cfg\color.cfg"
File: color.cfg 2016/01/02 v1.6 sample color configuration
)
Package xcolor Info: Driver file: pdftex.def on input line 225.

("C:\Program Files\MiKTeX 2.9\tex/latex/graphics-def\pdftex.def"
File: pdftex.def 2020/08/26 v1.2 Graphics/color driver for pdftex
)
("C:\Program Files\MiKTeX 2.9\tex/latex/colortbl\colortbl.sty"
Package: colortbl 2020/01/04 v1.0e Color table columns (DPC)
\everycr=\toks20
\minrowclearance=\skip54
)
\rownum=\count181
Package xcolor Info: Model `cmy' substituted by `cmy0' on input line 1348.
Package xcolor Info: Model `hsb' substituted by `rgb' on input line 1352.
Package xcolor Info: Model `RGB' extended on input line 1364.
Package xcolor Info: Model `HTML' substituted by `rgb' on input line 1366.
Package xcolor Info: Model `Hsb' substituted by `hsb' on input line 1367.
Package xcolor Info: Model `tHsb' substituted by `hsb' on input line 1368.
Package xcolor Info: Model `HSB' substituted by `hsb' on input line 1369.
Package xcolor Info: Model `Gray' substituted by `gray' on input line 1370.
Package xcolor Info: Model `wave' substituted by `hsb' on input line 1371.
)
(longtable_doxygen.sty
Package: longtable_doxygen 2014/10/28 v4.11 Multi-page Table package (DPC) - fr
ozen version for doxygen
\LTleft=\skip55
\LTright=\skip56
\LTpre=\skip57
\LTpost=\skip58
\LTchunksize=\count182
\LTcapwidth=\dimen139
\LT@head=\box47
\LT@firsthead=\box48
\LT@foot=\box49
\LT@lastfoot=\box50
\LT@cols=\count183
\LT@rows=\count184
\c@LT@tables=\count185
\c@LT@chunks=\count186
\LT@p@ftn=\toks21
) (tabu_doxygen.sty
Package: tabu_doxygen 2011/02/26 v2.8 - flexible LaTeX tabulars (FC), frozen ve
rsion for doxygen

("C:\Program Files\MiKTeX 2.9\tex/latex/varwidth\varwidth.sty"
Package: varwidth 2009/03/30 ver 0.92;  Variable-width minipages
\@vwid@box=\box51
\sift@deathcycles=\count187
\@vwid@loff=\dimen140
\@vwid@roff=\dimen141
)
\c@taburow=\count188
\tabu@nbcols=\count189
\tabu@cnt=\count190
\tabu@Xcol=\count191
\tabu@alloc=\count192
\tabu@nested=\count193
\tabu@target=\dimen142
\tabu@spreadtarget=\dimen143
\tabu@naturalX=\dimen144
\tabucolX=\dimen145
\tabu@Xsum=\dimen146
\extrarowdepth=\dimen147
\abovetabulinesep=\dimen148
\belowtabulinesep=\dimen149
\tabustrutrule=\dimen150
\tabu@thebody=\toks22
\tabu@footnotes=\toks23
\tabu@box=\box52
\tabu@arstrutbox=\box53
\tabu@hleads=\box54
\tabu@vleads=\box55
\tabu@cellskip=\skip59
)
("C:\Program Files\MiKTeX 2.9\tex/latex/fancyvrb\fancyvrb.sty"
Package: fancyvrb 2020/05/03 v3.6 verbatim text (tvz,hv)

("C:\Program Files\MiKTeX 2.9\tex/latex/graphics\keyval.sty"
Package: keyval 2014/10/28 v1.15 key=value parser (DPC)
\KV@toks@=\toks24
)
\FV@CodeLineNo=\count194
\FV@InFile=\read3
\FV@TabBox=\box56
\c@FancyVerbLine=\count195
\FV@StepNumber=\count196
\FV@OutFile=\write3
)
("C:\Program Files\MiKTeX 2.9\tex/latex/tools\tabularx.sty"
Package: tabularx 2020/01/15 v2.11c `tabularx' package (DPC)
\TX@col@width=\dimen151
\TX@old@table=\dimen152
\TX@old@col=\dimen153
\TX@target=\dimen154
\TX@delta=\dimen155
\TX@cols=\count197
\TX@ftn=\toks25
)
("C:\Program Files\MiKTeX 2.9\tex/latex/multirow\multirow.sty"
Package: multirow 2019/05/31 v2.5 Span multiple rows of a table
\multirow@colwidth=\skip60
\multirow@cntb=\count198
\multirow@dima=\skip61
\bigstrutjot=\dimen156
)
("C:\Program Files\MiKTeX 2.9\tex/latex/hanging\hanging.sty"
Package: hanging 2009/09/02 v1.2b hanging paragraphs and punctuation
\h@ngcommawd=\skip62
\h@ngfstopwd=\skip63
\h@ngquotewd=\skip64
\h@ngdquotewd=\skip65
\h@ngquerywd=\skip66
\h@ngexclwd=\skip67
\h@ngcolonwd=\skip68
\h@ngscolonwd=\skip69
)
("C:\Program Files\MiKTeX 2.9\tex/generic/iftex\ifpdf.sty"
Package: ifpdf 2019/10/25 v3.4 ifpdf legacy package. Use iftex instead.

("C:\Program Files\MiKTeX 2.9\tex/generic/iftex\iftex.sty"
Package: iftex 2020/03/06 v1.0d TeX engine tests
))
("C:\Program Files\MiKTeX 2.9\tex/latex/adjustbox\adjustbox.sty"
Package: adjustbox 2020/08/19 v1.3 Adjusting TeX boxes (trim, clip, ...)

("C:\Program Files\MiKTeX 2.9\tex/latex/xkeyval\xkeyval.sty"
Package: xkeyval 2014/12/03 v2.7a package option processing (HA)

("C:\Program Files\MiKTeX 2.9\tex/generic/xkeyval\xkeyval.tex"
("C:\Program Files\MiKTeX 2.9\tex/generic/xkeyval\xkvutils.tex"
\XKV@toks=\toks26
\XKV@tempa@toks=\toks27
)
\XKV@depth=\count199
File: xkeyval.tex 2014/12/03 v2.7a key=value parser (HA)
))
("C:\Program Files\MiKTeX 2.9\tex/latex/adjustbox\adjcalc.sty"
Package: adjcalc 2012/05/16 v1.1 Provides advanced setlength with multiple back
-ends (calc, etex, pgfmath)
)
("C:\Program Files\MiKTeX 2.9\tex/latex/adjustbox\trimclip.sty"
Package: trimclip 2020/08/19 v1.2 Trim and clip general TeX material

("C:\Program Files\MiKTeX 2.9\tex/latex/graphics\graphicx.sty"
Package: graphicx 2019/11/30 v1.2a Enhanced LaTeX Graphics (DPC,SPQR)

("C:\Program Files\MiKTeX 2.9\tex/latex/graphics\graphics.sty"
Package: graphics 2019/11/30 v1.4a Standard LaTeX Graphics (DPC,SPQR)

("C:\Program Files\MiKTeX 2.9\tex/latex/graphics\trig.sty"
Package: trig 2016/01/03 v1.10 sin cos tan (DPC)
)
("C:\Program Files\MiKTeX 2.9\tex/latex/graphics-cfg\graphics.cfg"
File: graphics.cfg 2016/06/04 v1.11 sample graphics configuration
)
Package graphics Info: Driver file: pdftex.def on input line 105.
)
\Gin@req@height=\dimen157
\Gin@req@width=\dimen158
)
("C:\Program Files\MiKTeX 2.9\tex/latex/collectbox\collectbox.sty"
Package: collectbox 2012/05/17 v0.4b Collect macro arguments as boxes
\collectedbox=\box57
)
\tc@llx=\dimen159
\tc@lly=\dimen160
\tc@urx=\dimen161
\tc@ury=\dimen162
Package trimclip Info: Using driver 'tc-pdftex.def'.

("C:\Program Files\MiKTeX 2.9\tex/latex/adjustbox\tc-pdftex.def"
File: tc-pdftex.def 2019/01/04 v2.2 Clipping driver for pdftex
))
\adjbox@Width=\dimen163
\adjbox@Height=\dimen164
\adjbox@Depth=\dimen165
\adjbox@Totalheight=\dimen166
\adjbox@pwidth=\dimen167
\adjbox@pheight=\dimen168
\adjbox@pdepth=\dimen169
\adjbox@ptotalheight=\dimen170

("C:\Program Files\MiKTeX 2.9\tex/latex/ifoddpage\ifoddpage.sty"
Package: ifoddpage 2016/04/23 v1.1 Conditionals for odd/even page detection
\c@checkoddpage=\count266
))
("C:\Program Files\MiKTeX 2.9\tex/latex/amsfonts\amssymb.sty"
Package: amssymb 2013/01/14 v3.01 AMS font symbols

("C:\Program Files\MiKTeX 2.9\tex/latex/amsfonts\amsfonts.sty"
Package: amsfonts 2013/01/14 v3.01 Basic AMSFonts support
\@emptytoks=\toks28
\symAMSa=\mathgroup4
\symAMSb=\mathgroup5
LaTeX Font Info:    Redeclaring math symbol \hbar on input line 98.
LaTeX Font Info:    Overwriting math alphabet `\mathfrak' in version `bold'
(Font)                  U/euf/m/n --> U/euf/b/n on input line 106.
))
("C:\Program Files\MiKTeX 2.9\tex/latex/stackengine\stackengine.sty"
Package: stackengine 2017/02/13 v4.01\ Stacking text and objects in convenient 
ways

("C:\Program Files\MiKTeX 2.9\tex/latex/etoolbox\etoolbox.sty"
Package: etoolbox 2020/08/24 v2.5j e-TeX tools for LaTeX (JAW)
\etb@tempcnta=\count267
)
("C:\Program Files\MiKTeX 2.9\tex/latex/listofitems\listofitems.sty"
("C:\Program Files\MiKTeX 2.9\tex/generic/listofitems\listofitems.tex"
\loi_cnt_foreach_nest=\count268
\loi_nestcnt=\count269
)
Package: listofitems 2019/08/21 v1.63 Grab items in lists using user-specified 
sep char (CT)
)
\c@@stackindex=\count270
\@boxshift=\skip70
\stack@tmplength=\skip71
\temp@stkl=\skip72
\@stackedboxwidth=\skip73
\@addedbox=\box58
\@anchorbox=\box59
\stackedbox=\box60
\@centerbox=\box61
\c@ROWcellindex@=\count271
)
("C:\Program Files\MiKTeX 2.9\tex/latex/ulem\ulem.sty"
\UL@box=\box62
\UL@hyphenbox=\box63
\UL@skip=\skip74
\UL@hook=\toks29
\UL@height=\dimen171
\UL@pe=\count272
\UL@pixel=\dimen172
\ULC@box=\box64
Package: ulem 2019/11/18
\ULdepth=\dimen173
)
\xrefbox=\box65
\xreflength=\skip75
\CodeWidthChar=\skip76
\CodeHeightChar=\skip77
\DoxyCodeWidth=\skip78
)
("C:\Program Files\MiKTeX 2.9\tex/latex/base\inputenc.sty"
Package: inputenc 2018/08/11 v1.3c Input encoding file
\inpenc@prehook=\toks30
\inpenc@posthook=\toks31
)
("C:\Program Files\MiKTeX 2.9\tex/latex/base\makeidx.sty"
Package: makeidx 2014/09/29 v1.0m Standard LaTeX package
)
("C:\Program Files\MiKTeX 2.9\tex/latex/tools\multicol.sty"
Package: multicol 2019/12/09 v1.8y multicolumn formatting (FMi)
\c@tracingmulticols=\count273
\mult@box=\box66
\multicol@leftmargin=\dimen174
\c@unbalance=\count274
\c@collectmore=\count275
\doublecol@number=\count276
\multicoltolerance=\count277
\multicolpretolerance=\count278
\full@width=\dimen175
\page@free=\dimen176
\premulticols=\dimen177
\postmulticols=\dimen178
\multicolsep=\skip79
\multicolbaselineskip=\skip80
\partial@page=\box67
\last@line=\box68
\maxbalancingoverflow=\dimen179
\mult@rightbox=\box69
\mult@grightbox=\box70
\mult@gfirstbox=\box71
\mult@firstbox=\box72
\@tempa=\box73
\@tempa=\box74
\@tempa=\box75
\@tempa=\box76
\@tempa=\box77
\@tempa=\box78
\@tempa=\box79
\@tempa=\box80
\@tempa=\box81
\@tempa=\box82
\@tempa=\box83
\@tempa=\box84
\@tempa=\box85
\@tempa=\box86
\@tempa=\box87
\@tempa=\box88
\@tempa=\box89
\@tempa=\box90
\@tempa=\box91
\@tempa=\box92
\@tempa=\box93
\@tempa=\box94
\@tempa=\box95
\@tempa=\box96
\@tempa=\box97
\@tempa=\box98
\@tempa=\box99
\@tempa=\box100
\@tempa=\box101
\@tempa=\box102
\@tempa=\box103
\@tempa=\box104
\@tempa=\box105
\@tempa=\box106
\@tempa=\box107
\@tempa=\box108
\@tempa=\box109
\c@minrows=\count279
\c@columnbadness=\count280
\c@finalcolumnbadness=\count281
\last@try=\dimen180
\multicolovershoot=\dimen181
\multicolundershoot=\dimen182
\mult@nat@firstbox=\box110
\colbreak@box=\box111
\mc@col@check@num=\count282
)
("C:\Program Files\MiKTeX 2.9\tex/latex/base\textcomp.sty"
Package: textcomp 2020/02/02 v2.0n Standard LaTeX package
)
("C:\Program Files\MiKTeX 2.9\tex/latex/wasysym\wasysym.sty"
Package: wasysym 2020/01/19 v2.4 Wasy-2 symbol support package
\symwasy=\mathgroup6
LaTeX Font Info:    Overwriting symbol font `wasy' in version `bold'
(Font)                  U/wasy/m/n --> U/wasy/b/n on input line 93.
)
("C:\Program Files\MiKTeX 2.9\tex/generic/iftex\ifxetex.sty"
Package: ifxetex 2019/10/25 v0.7 ifxetex legacy package. Use iftex instead.
)
("C:\Program Files\MiKTeX 2.9\tex/latex/base\fontenc.sty"
Package: fontenc 2020/02/11 v2.0o Standard LaTeX package
)
("C:\Program Files\MiKTeX 2.9\tex/latex/psnfss\helvet.sty"
Package: helvet 2020/03/25 PSNFSS-v9.3 (WaS) 
)
("C:\Program Files\MiKTeX 2.9\tex/latex/psnfss\courier.sty"
Package: courier 2020/03/25 PSNFSS-v9.3 (WaS) 
)
("C:\Program Files\MiKTeX 2.9\tex/latex/sectsty\sectsty.sty"
Package: sectsty 2002/02/25 v2.0.2 Commands to change all sectional heading sty
les


LaTeX Warning: Command \underbar  has changed.
               Check if current package is valid.


LaTeX Warning: Command \underline  has changed.
               Check if current package is valid.

) ("C:\Program Files\MiKTeX 2.9\tex/latex/geometry\geometry.sty"
Package: geometry 2020/01/02 v5.9 Page Geometry

("C:\Program Files\MiKTeX 2.9\tex/generic/iftex\ifvtex.sty"
Package: ifvtex 2019/10/25 v1.7 ifvtex legacy package. Use iftex instead.
)
\Gm@cnth=\count283
\Gm@cntv=\count284
\c@Gm@tempcnt=\count285
\Gm@bindingoffset=\dimen183
\Gm@wd@mp=\dimen184
\Gm@odd@mp=\dimen185
\Gm@even@mp=\dimen186
\Gm@layoutwidth=\dimen187
\Gm@layoutheight=\dimen188
\Gm@layouthoffset=\dimen189
\Gm@layoutvoffset=\dimen190
\Gm@dimlist=\toks32

("C:\Program Files\MiKTeX 2.9\tex/latex/geometry\geometry.cfg"))
("C:\Program Files\MiKTeX 2.9\tex/latex/fancyhdr\fancyhdr.sty"
Package: fancyhdr 2019/01/31 v3.10 Extensive control of page headers and footer
s
\f@nch@headwidth=\skip81
\f@nch@O@elh=\skip82
\f@nch@O@erh=\skip83
\f@nch@O@olh=\skip84
\f@nch@O@orh=\skip85
\f@nch@O@elf=\skip86
\f@nch@O@erf=\skip87
\f@nch@O@olf=\skip88
\f@nch@O@orf=\skip89
)
("C:\Program Files\MiKTeX 2.9\tex/latex/natbib\natbib.sty"
Package: natbib 2010/09/13 8.31b (PWD, AO)
\bibhang=\skip90
\bibsep=\skip91
LaTeX Info: Redefining \cite on input line 694.
\c@NAT@ctr=\count286
)
("C:\Program Files\MiKTeX 2.9\tex/latex/tocloft\tocloft.sty"
Package: tocloft 2017/08/31 v2.3i parameterised ToC, etc., typesetting
Package tocloft Info: The document has chapter divisions on input line 51.
\cftparskip=\skip92
\cftbeforetoctitleskip=\skip93
\cftaftertoctitleskip=\skip94
\cftbeforepartskip=\skip95
\cftpartnumwidth=\skip96
\cftpartindent=\skip97
\cftbeforechapskip=\skip98
\cftchapindent=\skip99
\cftchapnumwidth=\skip100
\cftbeforesecskip=\skip101
\cftsecindent=\skip102
\cftsecnumwidth=\skip103
\cftbeforesubsecskip=\skip104
\cftsubsecindent=\skip105
\cftsubsecnumwidth=\skip106
\cftbeforesubsubsecskip=\skip107
\cftsubsubsecindent=\skip108
\cftsubsubsecnumwidth=\skip109
\cftbeforeparaskip=\skip110
\cftparaindent=\skip111
\cftparanumwidth=\skip112
\cftbeforesubparaskip=\skip113
\cftsubparaindent=\skip114
\cftsubparanumwidth=\skip115
\cftbeforeloftitleskip=\skip116
\cftafterloftitleskip=\skip117
\cftbeforefigskip=\skip118
\cftfigindent=\skip119
\cftfignumwidth=\skip120
\c@lofdepth=\count287
\c@lotdepth=\count288
\cftbeforelottitleskip=\skip121
\cftafterlottitleskip=\skip122
\cftbeforetabskip=\skip123
\cfttabindent=\skip124
\cfttabnumwidth=\skip125
)
\@indexfile=\write4
\openout4 = `refman.idx'.


Writing index file refman.idx
("C:\Program Files\MiKTeX 2.9\tex/latex/newunicodechar\newunicodechar.sty"
Package: newunicodechar 2018/04/08 v1.2 Defining Unicode characters
)

Package newunicodechar Warning: Redefining Unicode character on input line 116.



Package newunicodechar Warning: Redefining Unicode character on input line 117.


("C:\Program Files\MiKTeX 2.9\tex/latex/hyperref\hyperref.sty"
Package: hyperref 2020-05-15 v7.00e Hypertext links for LaTeX

("C:\Program Files\MiKTeX 2.9\tex/generic/ltxcmds\ltxcmds.sty"
Package: ltxcmds 2019/12/15 v1.24 LaTeX kernel commands for general use (HO)
)
("C:\Program Files\MiKTeX 2.9\tex/generic/pdftexcmds\pdftexcmds.sty"
Package: pdftexcmds 2020-06-27 v0.33 Utility functions of pdfTeX for LuaTeX (HO
)

("C:\Program Files\MiKTeX 2.9\tex/generic/infwarerr\infwarerr.sty"
Package: infwarerr 2019/12/03 v1.5 Providing info/warning/error messages (HO)
)
Package pdftexcmds Info: \pdf@primitive is available.
Package pdftexcmds Info: \pdf@ifprimitive is available.
Package pdftexcmds Info: \pdfdraftmode found.
)
("C:\Program Files\MiKTeX 2.9\tex/generic/kvsetkeys\kvsetkeys.sty"
Package: kvsetkeys 2019/12/15 v1.18 Key value parser (HO)
)
("C:\Program Files\MiKTeX 2.9\tex/generic/kvdefinekeys\kvdefinekeys.sty"
Package: kvdefinekeys 2019-12-19 v1.6 Define keys (HO)
)
("C:\Program Files\MiKTeX 2.9\tex/generic/pdfescape\pdfescape.sty"
Package: pdfescape 2019/12/09 v1.15 Implements pdfTeX's escape features (HO)
)
("C:\Program Files\MiKTeX 2.9\tex/latex/hycolor\hycolor.sty"
Package: hycolor 2020-01-27 v1.10 Color options for hyperref/bookmark (HO)
)
("C:\Program Files\MiKTeX 2.9\tex/latex/letltxmacro\letltxmacro.sty"
Package: letltxmacro 2019/12/03 v1.6 Let assignment for LaTeX macros (HO)
)
("C:\Program Files\MiKTeX 2.9\tex/latex/auxhook\auxhook.sty"
Package: auxhook 2019-12-17 v1.6 Hooks for auxiliary files (HO)
)
("C:\Program Files\MiKTeX 2.9\tex/latex/kvoptions\kvoptions.sty"
Package: kvoptions 2019/11/29 v3.13 Key value format for package options (HO)
)
\@linkdim=\dimen191
\Hy@linkcounter=\count289
\Hy@pagecounter=\count290

("C:\Program Files\MiKTeX 2.9\tex/latex/hyperref\pd1enc.def"
File: pd1enc.def 2020-05-15 v7.00e Hyperref: PDFDocEncoding definition (HO)
Now handling font encoding PD1 ...
... no UTF-8 mapping file for font encoding PD1
)
("C:\Program Files\MiKTeX 2.9\tex/generic/intcalc\intcalc.sty"
Package: intcalc 2019/12/15 v1.3 Expandable calculations with integers (HO)
)
("C:\Program Files\MiKTeX 2.9\tex/generic/etexcmds\etexcmds.sty"
Package: etexcmds 2019/12/15 v1.7 Avoid name clashes with e-TeX commands (HO)
)
\Hy@SavedSpaceFactor=\count291
Package hyperref Info: Hyper figures OFF on input line 4464.
Package hyperref Info: Link nesting OFF on input line 4469.
Package hyperref Info: Hyper index ON on input line 4472.
Package hyperref Info: Plain pages OFF on input line 4479.
Package hyperref Info: Backreferencing ON on input line 4482.
Package hyperref Info: Implicit mode ON; LaTeX internals redefined.
Package hyperref Info: Bookmarks ON on input line 4717.

("C:\Program Files\MiKTeX 2.9\tex/latex/hyperref\backref.sty"
Package: backref 2020/01/14 v1.40 Bibliographical back referencing

("C:\Program Files\MiKTeX 2.9\tex/latex/rerunfilecheck\rerunfilecheck.sty"
Package: rerunfilecheck 2019/12/05 v1.9 Rerun checks for auxiliary files (HO)

("C:\Program Files\MiKTeX 2.9\tex/latex/atveryend\atveryend.sty"
Package: atveryend 2019-12-11 v1.11 Hooks at the very end of document (HO)
)
("C:\Program Files\MiKTeX 2.9\tex/generic/uniquecounter\uniquecounter.sty"
Package: uniquecounter 2019/12/15 v1.4 Provide unlimited unique counter (HO)

("C:\Program Files\MiKTeX 2.9\tex/generic/bigintcalc\bigintcalc.sty"
Package: bigintcalc 2019/12/15 v1.5 Expandable calculations on big integers (HO
)
))
Package uniquecounter Info: New unique counter `rerunfilecheck' on input line 2
86.
))
\c@Hy@tempcnt=\count292

("C:\Program Files\MiKTeX 2.9\tex/latex/url\url.sty"
\Urlmuskip=\muskip16
Package: url 2013/09/16  ver 3.4  Verb mode for urls, etc.
)
LaTeX Info: Redefining \url on input line 5076.
\XeTeXLinkMargin=\dimen192

("C:\Program Files\MiKTeX 2.9\tex/generic/bitset\bitset.sty"
Package: bitset 2019/12/09 v1.3 Handle bit-vector datatype (HO)
)
\Fld@menulength=\count293
\Field@Width=\dimen193
\Fld@charsize=\dimen194
Package hyperref Info: Hyper figures OFF on input line 6347.
Package hyperref Info: Link nesting OFF on input line 6352.
Package hyperref Info: Hyper index ON on input line 6355.
Package hyperref Info: backreferencing ON on input line 6360.
Package hyperref Info: Link coloring OFF on input line 6367.
Package hyperref Info: Link coloring with OCG OFF on input line 6372.
Package hyperref Info: PDF/A mode OFF on input line 6377.
LaTeX Info: Redefining \ref on input line 6417.
LaTeX Info: Redefining \pageref on input line 6421.

("C:\Program Files\MiKTeX 2.9\tex/generic/atbegshi\atbegshi.sty"
Package: atbegshi 2019/12/05 v1.19 At begin shipout hook (HO)
)
\Hy@abspage=\count294
\c@Item=\count295
\c@Hfootnote=\count296
)
Package hyperref Info: Driver: hpdftex.

("C:\Program Files\MiKTeX 2.9\tex/latex/hyperref\hpdftex.def"
File: hpdftex.def 2020-05-15 v7.00e Hyperref driver for pdfTeX
\Fld@listcount=\count297
\c@bookmark@seq@number=\count298
\Hy@SectionHShift=\skip126
)
Package hyperref Info: Option `colorlinks' set `true' on input line 135.
Package hyperref Info: Option `unicode' set `true' on input line 135.

("C:\Program Files\MiKTeX 2.9\tex/latex/hyperref\puenc.def"
File: puenc.def 2020-05-15 v7.00e Hyperref: PDF Unicode definition (HO)
Now handling font encoding PU ...
... no UTF-8 mapping file for font encoding PU
)
("C:\Program Files\MiKTeX 2.9\tex/latex/caption\caption.sty"
Package: caption 2020/09/02 v3.5a Customizing captions (AR)

("C:\Program Files\MiKTeX 2.9\tex/latex/caption\caption3.sty"
Package: caption3 2020/08/30 v2.0 caption3 kernel (AR)
\captionmargin=\dimen195
\captionmargin@=\dimen196
\captionwidth=\dimen197
\caption@tempdima=\dimen198
\caption@indent=\dimen199
\caption@parindent=\dimen256
\caption@hangindent=\dimen257
Package caption Info: Standard document class detected.
)
\c@caption@flags=\count299
\c@continuedfloat=\count300
Package caption Info: float package is loaded.
Package caption Info: hyperref package is loaded.
Package caption Info: longtable package is loaded.

("C:\Program Files\MiKTeX 2.9\tex/latex/caption\ltcaption.sty"
Package: ltcaption 2020/05/30 v1.4b longtable captions (AR)
))
("C:\Program Files\MiKTeX 2.9\tex/latex/etoc\etoc.sty"
Package: etoc 2020/05/15 v1.09c Completely customisable TOCs (JFB)
\Etoc@toctoks=\toks33
\c@etoc@tocid=\count301
\c@etoc@tocdepth=\count302
\etoc@framed@titlebox=\box112
\etoc@framed@contentsbox=\box113
)
("C:\Program Files\MiKTeX 2.9\tex/latex/l3backend\l3backend-pdftex.def"
File: l3backend-pdftex.def 2020-09-01 L3 backend support: PDF output (pdfTeX)
\l__kernel_color_stack_int=\count303
\l__pdf_internal_box=\box114
)
(refman.aux)
\openout1 = `refman.aux'.

LaTeX Font Info:    Checking defaults for OML/cmm/m/it on input line 150.
LaTeX Font Info:    ... okay on input line 150.
LaTeX Font Info:    Checking defaults for OMS/cmsy/m/n on input line 150.
LaTeX Font Info:    ... okay on input line 150.
LaTeX Font Info:    Checking defaults for OT1/cmr/m/n on input line 150.
LaTeX Font Info:    ... okay on input line 150.
LaTeX Font Info:    Checking defaults for T1/cmr/m/n on input line 150.
LaTeX Font Info:    ... okay on input line 150.
LaTeX Font Info:    Checking defaults for TS1/cmr/m/n on input line 150.
LaTeX Font Info:    ... okay on input line 150.
LaTeX Font Info:    Checking defaults for OMX/cmex/m/n on input line 150.
LaTeX Font Info:    ... okay on input line 150.
LaTeX Font Info:    Checking defaults for U/cmr/m/n on input line 150.
LaTeX Font Info:    ... okay on input line 150.
LaTeX Font Info:    Checking defaults for PD1/pdf/m/n on input line 150.
LaTeX Font Info:    ... okay on input line 150.
LaTeX Font Info:    Checking defaults for PU/pdf/m/n on input line 150.
LaTeX Font Info:    ... okay on input line 150.
LaTeX Font Info:    Trying to load font information for T1+phv on input line 15
0.
 ("C:\Program Files\MiKTeX 2.9\tex/latex/psnfss\t1phv.fd"
File: t1phv.fd 2020/03/25 scalable font definitions for T1/phv.
)
LaTeX Font Info:    Font shape `T1/phv/m/n' will be
(Font)              scaled to size 8.99994pt on input line 150.

("C:\Program Files\MiKTeX 2.9\tex/context/base/mkii\supp-pdf.mkii"
[Loading MPS to PDF converter (version 2006.09.02).]
\scratchcounter=\count304
\scratchdimen=\dimen258
\scratchbox=\box115
\nofMPsegments=\count305
\nofMParguments=\count306
\everyMPshowfont=\toks34
\MPscratchCnt=\count307
\MPscratchDim=\dimen259
\MPnumerator=\count308
\makeMPintoPDFobject=\count309
\everyMPtoPDFconversion=\toks35
) ("C:\Program Files\MiKTeX 2.9\tex/latex/epstopdf-pkg\epstopdf-base.sty"
Package: epstopdf-base 2020-01-24 v2.11 Base part for package epstopdf
Package epstopdf-base Info: Redefining graphics rule for `.eps' on input line 4
85.
)
*geometry* driver: auto-detecting
*geometry* detected driver: pdftex
*geometry* verbose mode - [ preamble ] result:
* driver: pdftex
* paper: a4paper
* layout: <same size as paper>
* layoutoffset:(h,v)=(0.0pt,0.0pt)
* modes: twoside 
* h-part:(L,W,R)=(71.13188pt, 455.24411pt, 71.13188pt)
* v-part:(T,H,B)=(71.13188pt, 702.78308pt, 71.13188pt)
* \paperwidth=597.50787pt
* \paperheight=845.04684pt
* \textwidth=455.24411pt
* \textheight=702.78308pt
* \oddsidemargin=-1.1381pt
* \evensidemargin=-1.1381pt
* \topmargin=-31.2056pt
* \headheight=12.0pt
* \headsep=18.06749pt
* \topskip=10.0pt
* \footskip=25.29494pt
* \marginparwidth=125.0pt
* \marginparsep=7.0pt
* \columnsep=10.0pt
* \skip\footins=9.0pt plus 4.0pt minus 2.0pt
* \hoffset=0.0pt
* \voffset=0.0pt
* \mag=1000
* \@twocolumnfalse
* \@twosidetrue
* \@mparswitchtrue
* \@reversemarginfalse
* (1in=72.27pt=25.4mm, 1cm=28.453pt)

Package backref Info: ** backref set up for natbib ** on input line 150.
\AtBeginShipoutBox=\box116
Package hyperref Info: Link coloring ON on input line 150.
("C:\Program Files\MiKTeX 2.9\tex/latex/hyperref\nameref.sty"
Package: nameref 2019/09/16 v2.46 Cross-referencing by name of section

("C:\Program Files\MiKTeX 2.9\tex/latex/refcount\refcount.sty"
Package: refcount 2019/12/15 v3.6 Data extraction from label references (HO)
)
("C:\Program Files\MiKTeX 2.9\tex/generic/gettitlestring\gettitlestring.sty"
Package: gettitlestring 2019/12/15 v1.6 Cleanup title references (HO)
)
\c@section@level=\count310
)
LaTeX Info: Redefining \ref on input line 150.
LaTeX Info: Redefining \pageref on input line 150.
LaTeX Info: Redefining \nameref on input line 150.

(refman.out) (refman.out)
\@outlinefile=\write5
\openout5 = `refman.out'.

Package caption Info: Begin \AtBeginDocument code.
Package caption Info: End \AtBeginDocument code.
\Etoc@tf=\read4
Package hyperref Info: Option `pageanchor' set `false' on input line 156.
Package hyperref Info: Option `bookmarksnumbered' set `true' on input line 156.

Package hyperref Info: Option `unicode' set `true' on input line 156.
LaTeX Font Info:    Font shape `T1/phv/m/n' will be
(Font)              scaled to size 12.9599pt on input line 161.
LaTeX Font Info:    Font shape `T1/phv/m/n' will be
(Font)              scaled to size 6.29996pt on input line 161.
LaTeX Font Info:    Trying to load font information for U+msa on input line 161
.

("C:\Program Files\MiKTeX 2.9\tex/latex/amsfonts\umsa.fd"
File: umsa.fd 2013/01/14 v3.01 AMS symbols A
)
LaTeX Font Info:    Trying to load font information for U+msb on input line 161
.

("C:\Program Files\MiKTeX 2.9\tex/latex/amsfonts\umsb.fd"
File: umsb.fd 2013/01/14 v3.01 AMS symbols B
)
LaTeX Font Info:    Trying to load font information for U+wasy on input line 16
1.

("C:\Program Files\MiKTeX 2.9\tex/latex/wasysym\uwasy.fd"
File: uwasy.fd 2020/01/19 v2.4 Wasy-2 symbol font definitions
)
LaTeX Font Info:    Font shape `T1/phv/m/n' will be
(Font)              scaled to size 10.79993pt on input line 163.
 [1


{C:/Users/MrTroble/AppData/Local/MiKTeX/2.9/pdftex/config/pdftex.map}] [2

]
\tf@toc=\write6
\openout6 = `refman.toc'.

LaTeX Font Info:    Font shape `T1/phv/b/n' will be
(Font)              scaled to size 8.99994pt on input line 169.
LaTeX Font Info:    Font shape `T1/phv/b/n' will be
(Font)              scaled to size 6.29996pt on input line 169.
 [1]
LaTeX Font Info:    Font shape `T1/phv/m/n' will be
(Font)              scaled to size 7.19995pt on input line 169.
LaTeX Font Info:    Trying to load font information for T1+pcr on input line 16
9.

("C:\Program Files\MiKTeX 2.9\tex/latex/psnfss\t1pcr.fd"
File: t1pcr.fd 2001/06/04 font definitions for T1/pcr.
) [2] [3] [4] [5]
[6]
Package hyperref Info: Option `pageanchor' set `true' on input line 171.

Chapter 1.
LaTeX Font Info:    Font shape `T1/phv/m/n' will be
(Font)              scaled to size 18.66588pt on input line 174.
LaTeX Font Info:    Font shape `T1/phv/b/n' will be
(Font)              scaled to size 18.66588pt on input line 174.
LaTeX Font Info:    Font shape `T1/phv/bc/n' will be
(Font)              scaled to size 18.66588pt on input line 174.
LaTeX Font Info:    Font shape `T1/phv/m/n' will be
(Font)              scaled to size 22.39185pt on input line 174.
LaTeX Font Info:    Font shape `T1/phv/b/n' will be
(Font)              scaled to size 22.39185pt on input line 174.
LaTeX Font Info:    Font shape `T1/phv/bc/n' will be
(Font)              scaled to size 22.39185pt on input line 174.
(namespaces.tex
LaTeX Font Info:    Font shape `T1/phv/b/n' will be
(Font)              scaled to size 12.9599pt on input line 1.
) [1


] [2

]
Chapter 2.
(annotated.tex) [3] [4

]
Chapter 3.
(files.tex) [5] [6

]
Chapter 4.
(d3/dc6/namespacetgt.tex
LaTeX Font Info:    Font shape `T1/phv/b/n' will be
(Font)              scaled to size 10.79993pt on input line 3.
LaTeX Font Info:    Trying to load font information for TS1+phv on input line 6
.

("C:\Program Files\MiKTeX 2.9\tex/latex/psnfss\ts1phv.fd"
File: ts1phv.fd 2020/03/25 scalable font definitions for TS1/phv.
)
LaTeX Font Info:    Font shape `TS1/phv/m/n' will be
(Font)              scaled to size 8.99994pt on input line 6.
)
(df/dd7/namespacetgt_1_1_actor.tex [7]
LaTeX Font Info:    Font shape `T1/pcr/m/it' in size <8> not available
(Font)              Font shape `T1/pcr/m/sl' tried instead on input line 59.

Underfull \hbox (badness 10000) in paragraph at lines 77--79
\T1/pcr/m/n/8 template$\OML/cmm/m/it/8 <$\T1/pcr/m/n/8 class T , class U , clas
s V , typename = std[]::enable[]_[]if[]_[]t$\OML/cmm/m/it/8 <$[]\T1/pcr/m/n/8 U
til[]::[]_[]valid[]Json$\OML/cmm/m/it/8 <$[]\T1/pcr/m/n/8 T$\OML/cmm/m/it/8 >$ 
\T1/pcr/m/n/8 &&
 []

[8]
LaTeX Font Info:    Font shape `T1/pcr/m/it' in size <7> not available
(Font)              Font shape `T1/pcr/m/sl' tried instead on input line 112.
 [9]) (d9/db6/namespacetgt_1_1_font.tex [10] [11])
(df/ded/namespacetgt_1_1_map.tex [12] [13]
LaTeX Font Info:    Font shape `T1/phv/b/n' will be
(Font)              scaled to size 7.19995pt on input line 109.
 [14])
(dc/db2/namespacetgt_1_1_material.tex [15] [16]
Overfull \hbox (34.3562pt too wide) in paragraph at lines 75--76
\T1/pcr/m/n/8 const auto tgt[]::[]Material[]::[]M[]A[]T[]E[]R[]I[]A[]L[]_[][]P[
]A[]TH = fs[]::path([]).append([]) 
 []


Underfull \hbox (badness 10000) in paragraph at lines 87--88
\T1/pcr/m/n/8 constexpr std[]::array tgt[]::[]Material[]::[]S[]U[]P[]P[]O[]R[]T
[]E[]D[]_[][]P[]R[]O[]P[]E[]R[]T[]I[]ES = { [], []
 []

) (d7/d14/namespacetgt_1_1_model.tex [17]) (d0/dd1/namespacetgt_1_1_pipe.tex
Underfull \hbox (badness 2837) in paragraph at lines 6--12
[]\T1/phv/m/n/10 enum [] { [] = 0, [] = 1, [] = 2,
 []


Overfull \hbox (20.04706pt too wide) in paragraph at lines 55--57
[]\T1/phv/m/n/10 constexpr std[]::array [] = { [], [],
 []

[18]) (d9/dc0/namespacetgt_1_1_sampler.tex
Overfull \hbox (91.93033pt too wide) in paragraph at lines 11--20
[] \T1/phv/m/n/10 = 0, [] = 1, []
 []

[19]
Underfull \hbox (badness 8151) in paragraph at lines 54--56
[]\T1/phv/m/n/10 constexpr std[]::array [] = {[], [],
 []


Overfull \hbox (72.99147pt too wide) in paragraph at lines 58--60
[]\T1/phv/m/n/10 constexpr [] [] = [] 
 []


Underfull \vbox (badness 10000) has occurred while \output is active []

 [20]
[21]
Overfull \hbox (72.75623pt too wide) in paragraph at lines 183--184
\T1/pcr/m/n/8 constexpr [] tgt[]::[]Sampler[]::[]S[]A[]M[]P[]L[]E[]R[]_[][]A[]D
[]D[]R[]E[]S[]S[]_[][]M[]O[]D[]E[]_[][]M[]AX = []
 []


Underfull \hbox (badness 10000) in paragraph at lines 189--190
\T1/pcr/m/n/8 constexpr [] tgt[]::[]Sampler[]::[]S[]A[]M[]P[]L[]E[]R[]_[][]A[]D
[]D[]R[]E[]S[]S[]_[][]M[]O[]D[]E[]_[][]M[]IN = Sampler[]Address[]Mode[]::[]R[]E
[]
 []


Overfull \hbox (19.95619pt too wide) in paragraph at lines 207--208
\T1/pcr/m/n/8 const auto tgt[]::[]Sampler[]::[]S[]A[]M[]P[]L[]E[]R[]_[][]P[]A[]
TH = fs[]::path([]).append([]) 
 []

[22]
Underfull \hbox (badness 10000) in paragraph at lines 219--220
\T1/pcr/m/n/8 constexpr std[]::array tgt[]::[]Sampler[]::[]S[]U[]P[]P[]O[]R[]T[
]E[]D[]_[][]P[]R[]O[]P[]E[]R[]T[]I[]ES = {[], [],
 []

) (df/d8f/namespacetgt_1_1_shader.tex [23] [24])
(dd/ded/namespacetgt_1_1_shader_1_1_shader_input.tex
Overfull \hbox (89.3463pt too wide) in paragraph at lines 11--16
[]\T1/phv/m/n/10 enum [] { [], [], [],
 []

[25]
Overfull \hbox (23.14215pt too wide) in paragraph at lines 77--78
\T1/pcr/m/n/8 constexpr [] tgt[]::[]Shader[]::[]Shader[]Input[]::[]P[]O[]S[]_[]
[]N[]OR = [] + sizeof(float) $\OMS/cmsy/m/n/8 $ \T1/pcr/m/n/8 3 [constexpr] 
 []

[26]
Underfull \hbox (badness 10000) in paragraph at lines 83--84
\T1/pcr/m/n/8 constexpr [] tgt[]::[]Shader[]::[]Shader[]Input[]::[]P[]O[]S[]_[]
[]N[]O[]R[]_[][]T[]EX = [] + sizeof(float) $\OMS/cmsy/m/n/8 $
 []


Overfull \hbox (23.14215pt too wide) in paragraph at lines 89--90
\T1/pcr/m/n/8 constexpr [] tgt[]::[]Shader[]::[]Shader[]Input[]::[]P[]O[]S[]_[]
[]T[]EX = [] + sizeof(float) $\OMS/cmsy/m/n/8 $ \T1/pcr/m/n/8 2 [constexpr] 
 []

) (dd/de3/namespacetgt_1_1_texture.tex [27]
Overfull \hbox (19.95619pt too wide) in paragraph at lines 81--82
\T1/pcr/m/n/8 const auto tgt[]::[]Texture[]::[]T[]E[]X[]T[]U[]R[]E[]_[][]P[]A[]
TH = fs[]::path([]).append([]) 
 []

) (dd/d64/namespacetgt_1_1_util.tex [28]
Underfull \hbox (badness 10000) in paragraph at lines 59--61
\T1/pcr/m/n/8 template$\OML/cmm/m/it/8 <$\T1/pcr/m/n/8 class T , class U , size
[]_[]t S, typename = std[]::enable[]_[]if[]_[]t$\OML/cmm/m/it/8 <$[]\T1/pcr/m/n
/8 _[]valid[]Json$\OML/cmm/m/it/8 <$[]\T1/pcr/m/n/8 T$\OML/cmm/m/it/8 >$ \T1/pc
r/m/n/8 && []_[]valid[]
 []

[29]
Underfull \hbox (badness 10000) in paragraph at lines 70--72
\T1/pcr/m/n/8 template$\OML/cmm/m/it/8 <$\T1/pcr/m/n/8 class U , typename = std
[]::enable[]_[]if[]_[]t$\OML/cmm/m/it/8 <$\T1/pcr/m/n/8 std[]::is[]_[]invocable
[]_[]r[]_[]v$\OML/cmm/m/it/8 <$\T1/pcr/m/n/8 bool, U, const fs[]
 []


Underfull \hbox (badness 10000) in paragraph at lines 79--81
\T1/pcr/m/n/8 template$\OML/cmm/m/it/8 <$\T1/pcr/m/n/8 class U , typename = std
[]::enable[]_[]if[]_[]t$\OML/cmm/m/it/8 <$\T1/pcr/m/n/8 std[]::is[]_[]invocable
[]_[]r[]_[]v$\OML/cmm/m/it/8 <$\T1/pcr/m/n/8 bool, U, const fs[]
 []


Underfull \hbox (badness 10000) in paragraph at lines 96--98
\T1/pcr/m/n/8 template$\OML/cmm/m/it/8 <$\T1/pcr/m/n/8 class U , typename = std
[]::enable[]_[]if[]_[]t$\OML/cmm/m/it/8 <$[]\T1/pcr/m/n/8 _[]valid[]String$\OML
/cmm/m/it/8 <$[]\T1/pcr/m/n/8 U$\OML/cmm/m/it/8 >$ $\OMS/cmsy/m/n/8 j$$j$ \T1/p
cr/m/n/8 std[]::is[]_[]null[]_[]pointer[]_[]v$\OML/cmm/m/it/8 <$[]
 []


Underfull \hbox (badness 10000) in paragraph at lines 105--107
\T1/pcr/m/n/8 template$\OML/cmm/m/it/8 <$\T1/pcr/m/n/8 class T , typename = std
[]::enable[]_[]if[]_[]t$\OML/cmm/m/it/8 <$\T1/pcr/m/n/8 std[]::is[]_[]invocable
[]_[]r[]_[]v$\OML/cmm/m/it/8 <$\T1/pcr/m/n/8 const Result, T, js[]
 []

[30]
Underfull \hbox (badness 10000) in paragraph at lines 122--124
\T1/pcr/m/n/8 template$\OML/cmm/m/it/8 <$\T1/pcr/m/n/8 class T , typename = std
[]::enable[]_[]if[]_[]t$\OML/cmm/m/it/8 <$\T1/pcr/m/n/8 std[]::is[]_[]invocable
[]_[]r[]_[]v$\OML/cmm/m/it/8 <$\T1/pcr/m/n/8 bool, T, const std[]
 []


Underfull \hbox (badness 10000) in paragraph at lines 143--145
\T1/pcr/m/n/8 template$\OML/cmm/m/it/8 <$\T1/pcr/m/n/8 class T , typename = std
[]::enable[]_[]if[]_[]t$\OML/cmm/m/it/8 <$\T1/pcr/m/n/8 std[]::is[]_[]invocable
[]_[]r[]_[]v$\OML/cmm/m/it/8 <$\T1/pcr/m/n/8 bool, T, const std[]
 []

[31]
Underfull \hbox (badness 10000) in paragraph at lines 192--194
\T1/pcr/m/n/8 constexpr bool tgt[]::[]Util[]::[]_[]valid[]String = []$\OML/cmm/
m/it/8 <$\T1/pcr/m/n/8 T, std[]::string, const std[]::string, char$\OMS/cmsy/m/
n/8 $\T1/pcr/m/n/8 ,
 []


Underfull \hbox (badness 10000) in paragraph at lines 205--206
\T1/pcr/m/n/8 constexpr auto tgt[]::[]Util[]::[]J[]S[]O[]N[]_[][]F[]I[]L[]T[]ER
 = []$ $[](fs[]::path path) { return path.[]extension() == []; }
 []

[32]) [33] [34

]
Chapter 5.
(dc/dc2/structtgt_1_1_actor_1_1_actor_data.tex [35])
(d5/d91/structtgt_1_1_sampler_1_1_sampler_info.tex [36])
(d2/d58/classtgt_1_1_util_1_1scope__exit.tex

Package hyperref Warning: Token not allowed in a PDF string (Unicode):
(hyperref)                removing `math shift' on input line 1.


Package hyperref Warning: Token not allowed in a PDF string (Unicode):
(hyperref)                removing `math shift' on input line 1.


Package hyperref Warning: Token not allowed in a PDF string (Unicode):
(hyperref)                removing `math shift' on input line 1.


Package hyperref Warning: Token not allowed in a PDF string (Unicode):
(hyperref)                removing `math shift' on input line 1.

[37]) (d3/df8/structtgt_1_1_font_1_1_t_g_f_header.tex [38]) [39] [40

]
Chapter 6.
(dd/d68/_c_make_lists_8txt.tex) (d4/d59/_actor_8cpp.tex) (de/dd1/_font_8cpp.tex
[41]) (db/df4/_map_8cpp.tex [42] [43]) (d7/db5/_material_8cpp.tex)
(d2/d31/_model_8cpp.tex [44]) (de/d9e/_pipe_8cpp.tex [45])
(da/dde/_sampler_8cpp.tex
Underfull \hbox (badness 1590) in paragraph at lines 16--17
[]\T1/phv/m/n/10 const [] [] (const std[]::string &name, const Sampler[]Address
[]Mode umode, const
 []

) (d5/d16/_shader_8cpp.tex [46]) (da/d26/_texture_8cpp.tex)
(d2/d39/_actor_8hpp.tex [47]) (d9/da6/_font_8hpp.tex [48])
(de/d2c/_map_8hpp.tex) (d4/da9/_material_8hpp.tex [49]) (db/df5/_model_8hpp.tex
) (d2/df5/_pipe_8hpp.tex [50]
Underfull \hbox (badness 4913) in paragraph at lines 18--24
[]\T1/phv/m/n/10 enum [] { [] = 0, [] = 1,
 []


Underfull \hbox (badness 1997) in paragraph at lines 24--28
[]\T1/phv/m/n/10 enum [] { [] = 0, [] = 1,
 []

) (dc/d80/_result_8hpp.tex [51]) (da/dbd/_sampler_8hpp.tex
Overfull \hbox (71.19386pt too wide) in paragraph at lines 24--33
\T1/phv/m/n/10 = 1, [] = 2, []
 []

[52]
Overfull \hbox (25.60706pt too wide) in paragraph at lines 33--36
[]\T1/phv/m/n/10 enum [] { [] = 0, []
 []


Underfull \hbox (badness 1590) in paragraph at lines 40--42
[]\T1/phv/m/n/10 const [] [] (const std[]::string &name, const Sampler[]Address
[]Mode umode, const
 []


Underfull \hbox (badness 1067) in paragraph at lines 69--71
[]\T1/phv/m/n/10 constexpr Sampler[]Address[]Mode [] = Sampler[]Address[]
 []

) (d2/d73/_shader_8hpp.tex
Overfull \hbox (75.87065pt too wide) in paragraph at lines 30--35
[]\T1/phv/m/n/10 , [],
 []

[53]) (d2/d4b/_texture_8hpp.tex) (d9/dea/_util_8hpp.tex [54] [55]
Underfull \hbox (badness 10000) in paragraph at lines 99--100
|   \T1/pcr/m/sl/8 max \T1/pcr/m/n/8 ) if(enm $\OML/cmm/m/it/8 >$\T1/pcr/m/n/8 
= min && enm $\OML/cmm/m/it/8 <$\T1/pcr/m/n/8 = max) { printf("Enum check faile
d in (%s -$\OML/cmm/m/it/8 >$ \T1/pcr/m/n/8 L%i)",
 []

[56] [57]
Underfull \hbox (badness 10000) in paragraph at lines 170--171
|   \T1/pcr/m/sl/8 string \T1/pcr/m/n/8 ) if(string.[]empty()) { printf("String
 check failed in (%s -$\OML/cmm/m/it/8 >$ \T1/pcr/m/n/8 L%i)", []_[][]_[][]F[]
 []


Underfull \hbox (badness 10000) in paragraph at lines 176--177
|   \T1/pcr/m/sl/8 string \T1/pcr/m/n/8 ) if(string == nullptr $\OMS/cmsy/m/n/8
 j$$j$ $$\T1/pcr/m/n/8 string == 0) { printf("String check failed in
 []


Underfull \hbox (badness 10000) in paragraph at lines 182--183
|   \T1/pcr/m/sl/8 string \T1/pcr/m/n/8 ) for (char x []: string) if (x $\OML/c
mm/m/it/8 <$ \T1/pcr/m/n/8 48 $\OMS/cmsy/m/n/8 j$$j$ \T1/pcr/m/n/8 (x $\OML/cmm
/m/it/8 >$ \T1/pcr/m/n/8 57 && x $\OML/cmm/m/it/8 <$ \T1/pcr/m/n/8 65) $\OMS/cm
sy/m/n/8 j$$j$ \T1/pcr/m/n/8 (x $\OML/cmm/m/it/8 >$ \T1/pcr/m/n/8 90 && x
 []

) [58] (refman.ind [59



] [60] [61] [62] [63] [64

])
Package atveryend Info: Empty hook `BeforeClearDocument' on input line 230.
Package atveryend Info: Empty hook `AfterLastShipout' on input line 230.
 (refman.aux)
Package atveryend Info: Executing hook `AtVeryEndDocument' on input line 230.
Package atveryend Info: Executing hook `AtEndAfterFileList' on input line 230.
Package rerunfilecheck Info: File `refman.out' has not changed.
(rerunfilecheck)             Checksum: 0266F1DB701CB3012C26B2E6216DC144;49778.
 ) 
Here is how much of TeX's memory you used:
 17904 strings out of 481165
 285712 string characters out of 2912162
 616411 words of memory out of 3000000
 32398 multiletter control sequences out of 15000+200000
 588305 words of font info for 103 fonts, out of 3000000 for 9000
 1141 hyphenation exceptions out of 8191
 59i,16n,97p,944b,611s stack positions out of 5000i,500n,10000p,200000b,50000s
pdfTeX warning (dest): name{namespacetgt_1_1_pipe_aebc4bb1c36680d7ac0ab97b5a1
10f657} has been referenced but does not exist, replaced by a fixed one

pdfTeX warning (dest): name{namespacetgt_1_1_pipe_a7d239464baeab0fa19388f729d75
9b22} has been referenced but does not exist, replaced by a fixed one

pdfTeX warning (dest): name{namespacetgt_1_1_pipe_a4e47483ac707bc73e272c0462f0c
61fe} has been referenced but does not exist, replaced by a fixed one

pdfTeX warning (dest): name{namespacetgt_1_1_pipe_a3712feaa1ddbcb2470df16654f82
dd16} has been referenced but does not exist, replaced by a fixed one

pdfTeX warning (dest): name{namespacetgt_1_1_pipe_a0f7298df76f49503381627cb1faa
6d2b} has been referenced but does not exist, replaced by a fixed one

pdfTeX warning (dest): name{namespacetgt_1_1_pipe_ad5085e0812a76daee1fbbb12c907
41c9} has been referenced but does not exist, replaced by a fixed one

pdfTeX warning (dest): name{namespacetgt_1_1_pipe_a8edbd7a1af1b05a2a0c422560893
db83} has been referenced but does not exist, replaced by a fixed one

pdfTeX warning (dest): name{namespacetgt_1_1_pipe_afc7281047ec2612890e7c3eba93b
d111} has been referenced but does not exist, replaced by a fixed one

pdfTeX warning (dest): name{namespacetgt_1_1_pipe_abd8ce651d61b07c25cd99184d5fb
f3ed} has been referenced but does not exist, replaced by a fixed one

pdfTeX warning (dest): name{namespacetgt_1_1_pipe_a8fc38749d63ab6289acd51e08604
ae31} has been referenced but does not exist, replaced by a fixed one

pdfTeX warning (dest): name{namespacetgt_1_1_pipe_a49d7859bc48e51d1cf1a8b1f5785
5e71} has been referenced but does not exist, replaced by a fixed one

pdfTeX warning (dest): name{namespacetgt_1_1_pipe_a48fcb25f73a08581e6b5e2fda0c8
73b5} has been referenced but does not exist, replaced by a fixed one

pdfTeX warning (dest): name{namespacetgt_1_1_pipe_aeb9a695dbbf00e80e77bbb5ab70f
cea1} has been referenced but does not exist, replaced by a fixed one

pdfTeX warning (dest): name{namespacetgt_1_1_pipe_a60634915fe49998391df6ea8743a
b869} has been referenced but does not exist, replaced by a fixed one

pdfTeX warning (dest): name{namespacetgt_1_1_pipe_a81e436a26b78ef45a4a6a48cf796
888d} has been referenced but does not exist, replaced by a fixed one

pdfTeX warning (dest): name{namespacetgt_1_1_pipe_a08f12f0bf5e9415886446edf34ed
981e} has been referenced but does not exist, replaced by a fixed one

pdfTeX warning (dest): name{namespacetgt_1_1_pipe_a4f88d46548c610b8d30d04360843
f9f9} has been referenced but does not exist, replaced by a fixed one

{C:/Program Files/MiKTeX 2.9/fonts/enc/dvips/base/8r.enc}<C:/Program Files/MiKT
eX 2.9/fonts/type1/public/amsfonts/cm/cmmi10.pfb><C:/Program Files/MiKTeX 2.9/f
onts/type1/public/amsfonts/cm/cmmi12.pfb><C:/Program Files/MiKTeX 2.9/fonts/typ
e1/public/amsfonts/cm/cmmi7.pfb><C:/Program Files/MiKTeX 2.9/fonts/type1/public
/amsfonts/cm/cmmi8.pfb><C:/Program Files/MiKTeX 2.9/fonts/type1/public/amsfonts
/cm/cmsy10.pfb><C:/Program Files/MiKTeX 2.9/fonts/type1/public/amsfonts/cm/cmsy
7.pfb><C:/Program Files/MiKTeX 2.9/fonts/type1/public/amsfonts/cm/cmsy8.pfb><C:
/Program Files/MiKTeX 2.9/fonts/type1/urw/courier/ucrb8a.pfb><C:/Program Files/
MiKTeX 2.9/fonts/type1/urw/courier/ucrr8a.pfb><C:/Program Files/MiKTeX 2.9/font
s/type1/urw/courier/ucrro8a.pfb><C:/Program Files/MiKTeX 2.9/fonts/type1/urw/he
lvetic/uhvb8a.pfb><C:/Program Files/MiKTeX 2.9/fonts/type1/urw/helvetic/uhvb8ac
.pfb><C:/Program Files/MiKTeX 2.9/fonts/type1/urw/helvetic/uhvr8a.pfb>
Output written on refman.pdf (72 pages, 712960 bytes).
PDF statistics:
 3228 PDF objects out of 3580 (max. 8388607)
 652 named destinations out of 1000 (max. 500000)
 1937 words of extra memory for PDF output out of 10000 (max. 10000000)

